d:\clickteamstuff\ctfak2.0\ctfak\ctfak-native\x64\release\vc142.pdb
d:\clickteamstuff\ctfak2.0\ctfak\ctfak-native\x64\release\wrapper.obj
d:\clickteamstuff\ctfak2.0\ctfak\ctfak-native\x64\release\imagetranslator.obj
d:\clickteamstuff\ctfak2.0\ctfak\ctfak-native\x64\release\encryption.obj
d:\clickteamstuff\ctfak2.0\ctfak\ctfak-native\x64\release\tinflate.obj
d:\clickteamstuff\ctfak2.0\ctfak\core\ctfak-native\x64\release\vc142.pdb
d:\clickteamstuff\ctfak2.0\ctfak\core\ctfak-native\x64\release\wrapper.obj
d:\clickteamstuff\ctfak2.0\ctfak\core\ctfak-native\x64\release\imagetranslator.obj
d:\clickteamstuff\ctfak2.0\ctfak\core\ctfak-native\x64\release\encryption.obj
d:\clickteamstuff\ctfak2.0\ctfak\core\ctfak-native\x64\release\tinflate.obj
d:\repos\xruntime\ctfak-native\x64\release\vc143.pdb
d:\repos\xruntime\ctfak-native\x64\release\wrapper.obj
d:\repos\xruntime\ctfak-native\x64\release\imagetranslator.obj
d:\repos\xruntime\ctfak-native\x64\release\encryption.obj
d:\repos\xruntime\ctfak-native\x64\release\tinflate.obj
d:\clickteamstuff\ctfak2.0\ctfak\x64\release\ctfak-native.lib
d:\clickteamstuff\ctfak2.0\ctfak\x64\release\ctfak-native.exp
d:\clickteamstuff\ctfak2.0\ctfak\x64\release\ctfak-native.dll
d:\clickteamstuff\ctfak2.0\ctfak\core\ctfak-native\x64\release\ctfak-native.iobj
d:\clickteamstuff\ctfak2.0\ctfak\x64\release\ctfak-native.pdb
d:\repos\xruntime\x64\release\ctfak-native.lib
d:\repos\xruntime\x64\release\ctfak-native.exp
d:\repos\xruntime\x64\release\ctfak-native.dll
d:\repos\xruntime\ctfak-native\x64\release\ctfak-native.ipdb
d:\repos\xruntime\ctfak-native\x64\release\ctfak-native.iobj
d:\repos\xruntime\x64\release\ctfak-native.pdb
d:\repos\xruntime\ctfak-native\x64\release\vc142.pdb
d:\repos\xruntime\ctfak-native\x64\release\ctfak-native.tlog\cl.command.1.tlog
d:\repos\xruntime\ctfak-native\x64\release\ctfak-native.tlog\cl.read.1.tlog
d:\repos\xruntime\ctfak-native\x64\release\ctfak-native.tlog\cl.write.1.tlog
d:\repos\xruntime\ctfak-native\x64\release\ctfak-native.tlog\ctfak-native.write.1u.tlog
d:\repos\xruntime\ctfak-native\x64\release\ctfak-native.tlog\link.command.1.tlog
d:\repos\xruntime\ctfak-native\x64\release\ctfak-native.tlog\link.read.1.tlog
d:\repos\xruntime\ctfak-native\x64\release\ctfak-native.tlog\link.write.1.tlog
d:\repos\xruntime\ctfak-native\x64\release\ctfak-native.tlog\link.write.2u.tlog
